{
  message: 'test1',
  level: 'info',
  label: 'right meow!',
  timestamp: '2023-01-10T07:12:05.908Z'
}
{
  level: 'info',
  message: 'What time is the testing at?',
  label: 'right meow!',
  timestamp: '2023-01-15T04:22:45.037Z'
}
{
  message: 'test1',
  level: 'debug',
  label: 'right meow!',
  timestamp: '2023-01-15T04:22:45.506Z'
}
{
  level: 'info',
  message: 'What time is the testing at?',
  label: 'right meow!',
  timestamp: '2023-01-15T04:25:34.827Z'
}
{
  message: 'test1',
  level: 'debug',
  label: 'right meow!',
  timestamp: '2023-01-15T04:25:35.100Z'
}
{
  level: 'info',
  message: 'What time is the testing at?',
  label: 'right meow!',
  timestamp: '2023-01-15T04:25:42.109Z'
}
{
  message: 'test1',
  level: 'debug',
  label: 'right meow!',
  timestamp: '2023-01-15T04:25:42.406Z'
}
{
  level: 'info',
  message: 'What time is the testing at?',
  label: 'right meow!',
  timestamp: '2023-01-15T04:25:46.020Z'
}
{
  message: 'test1',
  level: 'debug',
  label: 'right meow!',
  timestamp: '2023-01-15T04:25:46.305Z'
}
{
  level: 'info',
  message: 'What time is the testing at?',
  label: 'right meow!',
  timestamp: '2023-01-15T04:25:52.156Z'
}
{
  message: 'test1',
  level: 'debug',
  label: 'right meow!',
  timestamp: '2023-01-15T04:25:52.450Z'
}
{
  level: 'info',
  message: 'What time is the testing at?',
  label: 'right meow!',
  timestamp: '2023-01-15T04:25:54.850Z'
}
{
  message: 'test1',
  level: 'debug',
  label: 'right meow!',
  timestamp: '2023-01-15T04:25:55.132Z'
}
{
  level: 'info',
  message: 'What time is the testing at?',
  label: 'right meow!',
  timestamp: '2023-01-15T04:25:55.923Z'
}
{
  message: 'test1',
  level: 'debug',
  label: 'right meow!',
  timestamp: '2023-01-15T04:25:56.203Z'
}
{
  level: 'info',
  message: 'What time is the testing at?',
  label: 'right meow!',
  timestamp: '2023-01-15T04:26:12.711Z'
}
{
  message: 'test1',
  level: 'debug',
  label: 'right meow!',
  timestamp: '2023-01-15T04:26:12.979Z'
}
{
  level: 'info',
  message: 'What time is the testing at?',
  label: 'right meow!',
  timestamp: '2023-01-15T04:26:17.878Z'
}
{
  message: 'test1',
  level: 'debug',
  label: 'right meow!',
  timestamp: '2023-01-15T04:26:18.201Z'
}
{
  level: 'info',
  message: 'What time is the testing at?',
  label: 'right meow!',
  timestamp: '2023-01-15T04:26:20.260Z'
}
{
  message: 'test1',
  level: 'debug',
  label: 'right meow!',
  timestamp: '2023-01-15T04:26:20.534Z'
}
{
  level: 'info',
  message: 'What time is the testing at?',
  label: 'right meow!',
  timestamp: '2023-01-15T04:26:22.558Z'
}
{
  message: 'test1',
  level: 'debug',
  label: 'right meow!',
  timestamp: '2023-01-15T04:26:22.846Z'
}
{
  level: 'info',
  message: 'What time is the testing at?',
  label: 'right meow!',
  timestamp: '2023-01-15T04:26:26.104Z'
}
{
  message: 'test1',
  level: 'debug',
  label: 'right meow!',
  timestamp: '2023-01-15T04:26:26.395Z'
}
{
  level: 'info',
  message: 'What time is the testing at?',
  label: 'right meow!',
  timestamp: '2023-01-15T04:26:30.882Z'
}
{
  message: 'test1',
  level: 'debug',
  label: 'right meow!',
  timestamp: '2023-01-15T04:26:31.170Z'
}
{
  level: 'info',
  message: 'What time is the testing at?',
  label: 'right meow!',
  timestamp: '2023-01-15T04:26:40.095Z'
}
{
  message: 'test1',
  level: 'debug',
  label: 'right meow!',
  timestamp: '2023-01-15T04:26:40.405Z'
}
{
  level: 'info',
  message: 'What time is the testing at?',
  label: 'right meow!',
  timestamp: '2023-01-15T04:28:05.211Z'
}
{
  message: 'test1',
  level: 'debug',
  label: 'right meow!',
  timestamp: '2023-01-15T04:28:05.490Z'
}
{
  level: 'info',
  message: 'What time is the testing at?',
  label: 'right meow!',
  timestamp: '2023-01-15T04:28:07.511Z'
}
{
  message: 'test1',
  level: 'debug',
  label: 'right meow!',
  timestamp: '2023-01-15T04:28:07.786Z'
}
{
  level: 'info',
  message: 'What time is the testing at?',
  label: 'right meow!',
  timestamp: '2023-01-15T04:28:09.426Z'
}
{
  message: 'test1',
  level: 'debug',
  label: 'right meow!',
  timestamp: '2023-01-15T04:28:09.713Z'
}
{
  level: 'info',
  message: 'What time is the testing at?',
  label: 'right meow!',
  timestamp: '2023-01-15T04:28:12.836Z'
}
{
  message: 'test1',
  level: 'debug',
  label: 'right meow!',
  timestamp: '2023-01-15T04:28:13.154Z'
}
{
  level: 'info',
  message: 'What time is the testing at?',
  label: 'right meow!',
  timestamp: '2023-01-15T04:28:15.054Z'
}
{
  message: 'test1',
  level: 'debug',
  label: 'right meow!',
  timestamp: '2023-01-15T04:28:15.333Z'
}
{
  level: 'info',
  message: 'What time is the testing at?',
  label: 'right meow!',
  timestamp: '2023-01-15T04:28:17.598Z'
}
{
  message: 'test1',
  level: 'debug',
  label: 'right meow!',
  timestamp: '2023-01-15T04:28:17.885Z'
}
{
  level: 'info',
  message: 'What time is the testing at?',
  label: 'right meow!',
  timestamp: '2023-01-15T04:28:19.772Z'
}
{
  message: 'test1',
  level: 'debug',
  label: 'right meow!',
  timestamp: '2023-01-15T04:28:20.074Z'
}
{
  level: 'info',
  message: 'What time is the testing at?',
  label: 'right meow!',
  timestamp: '2023-01-15T04:28:20.981Z'
}
{
  message: 'test1',
  level: 'debug',
  label: 'right meow!',
  timestamp: '2023-01-15T04:28:21.264Z'
}
{
  level: 'info',
  message: 'What time is the testing at?',
  label: 'right meow!',
  timestamp: '2023-01-15T04:28:23.086Z'
}
{
  message: 'test1',
  level: 'debug',
  label: 'right meow!',
  timestamp: '2023-01-15T04:28:23.385Z'
}
{
  level: 'info',
  message: 'What time is the testing at?',
  label: 'right meow!',
  timestamp: '2023-01-15T04:28:25.555Z'
}
{
  message: 'test1',
  level: 'debug',
  label: 'right meow!',
  timestamp: '2023-01-15T04:28:25.851Z'
}
{
  level: 'info',
  message: 'What time is the testing at?',
  label: 'right meow!',
  timestamp: '2023-01-15T04:28:27.797Z'
}
{
  message: 'test1',
  level: 'debug',
  label: 'right meow!',
  timestamp: '2023-01-15T04:28:28.101Z'
}
{
  level: 'info',
  message: 'What time is the testing at?',
  label: 'right meow!',
  timestamp: '2023-01-15T04:28:52.724Z'
}
{
  message: 'test1',
  level: 'debug',
  label: 'right meow!',
  timestamp: '2023-01-15T04:28:53.016Z'
}
{
  level: 'info',
  message: 'What time is the testing at?',
  label: 'right meow!',
  timestamp: '2023-01-15T04:28:54.264Z'
}
{
  message: 'test1',
  level: 'debug',
  label: 'right meow!',
  timestamp: '2023-01-15T04:28:54.539Z'
}
{
  level: 'info',
  message: 'What time is the testing at?',
  label: 'right meow!',
  timestamp: '2023-01-15T04:28:59.171Z'
}
{
  message: 'test1',
  level: 'debug',
  label: 'right meow!',
  timestamp: '2023-01-15T04:28:59.442Z'
}
{
  level: 'info',
  message: 'What time is the testing at?',
  label: 'right meow!',
  timestamp: '2023-01-15T04:29:01.378Z'
}
{
  message: 'test1',
  level: 'debug',
  label: 'right meow!',
  timestamp: '2023-01-15T04:29:01.663Z'
}
{
  level: 'info',
  message: 'What time is the testing at?',
  label: 'right meow!',
  timestamp: '2023-01-15T04:29:06.009Z'
}
{
  message: 'test1',
  level: 'debug',
  label: 'right meow!',
  timestamp: '2023-01-15T04:29:06.317Z'
}
{
  level: 'info',
  message: 'What time is the testing at?',
  label: 'right meow!',
  timestamp: '2023-01-15T04:29:08.624Z'
}
{
  message: 'test1',
  level: 'debug',
  label: 'right meow!',
  timestamp: '2023-01-15T04:29:08.900Z'
}
{
  level: 'info',
  message: 'What time is the testing at?',
  label: 'right meow!',
  timestamp: '2023-01-15T04:29:10.507Z'
}
{
  message: 'test1',
  level: 'debug',
  label: 'right meow!',
  timestamp: '2023-01-15T04:29:10.789Z'
}
{
  level: 'info',
  message: 'What time is the testing at?',
  label: 'right meow!',
  timestamp: '2023-01-15T04:29:18.121Z'
}
{
  message: 'test1',
  level: 'debug',
  label: 'right meow!',
  timestamp: '2023-01-15T04:29:18.397Z'
}
{
  level: 'info',
  message: 'What time is the testing at?',
  label: 'right meow!',
  timestamp: '2023-01-15T04:29:20.911Z'
}
{
  message: 'test1',
  level: 'debug',
  label: 'right meow!',
  timestamp: '2023-01-15T04:29:21.200Z'
}
{
  level: 'info',
  message: 'What time is the testing at?',
  label: 'right meow!',
  timestamp: '2023-01-15T04:30:57.798Z'
}
{
  message: 'test1',
  level: 'debug',
  label: 'right meow!',
  timestamp: '2023-01-15T04:30:58.085Z'
}
{
  level: 'info',
  message: 'What time is the testing at?',
  label: 'right meow!',
  timestamp: '2023-01-15T04:31:03.191Z'
}
{
  message: 'test1',
  level: 'debug',
  label: 'right meow!',
  timestamp: '2023-01-15T04:31:03.518Z'
}
{
  level: 'info',
  message: 'What time is the testing at?',
  label: 'right meow!',
  timestamp: '2023-01-15T04:31:04.574Z'
}
{
  message: 'test1',
  level: 'debug',
  label: 'right meow!',
  timestamp: '2023-01-15T04:31:04.860Z'
}
{
  level: 'info',
  message: 'What time is the testing at?',
  label: 'right meow!',
  timestamp: '2023-01-15T04:31:06.329Z'
}
{
  message: 'test1',
  level: 'debug',
  label: 'right meow!',
  timestamp: '2023-01-15T04:31:06.622Z'
}
{
  level: 'info',
  message: 'What time is the testing at?',
  label: 'right meow!',
  timestamp: '2023-01-15T04:31:07.650Z'
}
{
  message: 'test1',
  level: 'debug',
  label: 'right meow!',
  timestamp: '2023-01-15T04:31:07.934Z'
}
{
  level: 'info',
  message: 'What time is the testing at?',
  label: 'right meow!',
  timestamp: '2023-01-15T04:31:11.981Z'
}
{
  message: 'test1',
  level: 'debug',
  label: 'right meow!',
  timestamp: '2023-01-15T04:31:12.269Z'
}
{
  level: 'info',
  message: 'What time is the testing at?',
  label: 'right meow!',
  timestamp: '2023-01-15T04:31:15.759Z'
}
{
  message: 'test1',
  level: 'debug',
  label: 'right meow!',
  timestamp: '2023-01-15T04:31:16.041Z'
}
{
  level: 'info',
  message: 'What time is the testing at?',
  label: 'right meow!',
  timestamp: '2023-01-15T04:31:18.330Z'
}
{
  message: 'test1',
  level: 'debug',
  label: 'right meow!',
  timestamp: '2023-01-15T04:31:18.641Z'
}
{
  level: 'info',
  message: 'What time is the testing at?',
  label: 'right meow!',
  timestamp: '2023-01-15T04:31:19.879Z'
}
{
  message: 'test1',
  level: 'debug',
  label: 'right meow!',
  timestamp: '2023-01-15T04:31:20.154Z'
}
{
  level: 'info',
  message: 'What time is the testing at?',
  label: 'right meow!',
  timestamp: '2023-01-15T04:31:25.485Z'
}
{
  message: 'test1',
  level: 'debug',
  label: 'right meow!',
  timestamp: '2023-01-15T04:31:25.773Z'
}
{
  level: 'info',
  message: 'What time is the testing at?',
  label: 'right meow!',
  timestamp: '2023-01-15T04:31:32.214Z'
}
{
  message: 'test1',
  level: 'debug',
  label: 'right meow!',
  timestamp: '2023-01-15T04:31:32.492Z'
}
{
  level: 'info',
  message: 'What time is the testing at?',
  label: 'right meow!',
  timestamp: '2023-01-15T04:31:35.967Z'
}
{
  message: 'test1',
  level: 'debug',
  label: 'right meow!',
  timestamp: '2023-01-15T04:31:36.270Z'
}
{
  level: 'info',
  message: 'What time is the testing at?',
  label: 'right meow!',
  timestamp: '2023-01-15T04:31:37.337Z'
}
{
  message: 'test1',
  level: 'debug',
  label: 'right meow!',
  timestamp: '2023-01-15T04:31:37.618Z'
}
{
  level: 'info',
  message: 'What time is the testing at?',
  label: 'right meow!',
  timestamp: '2023-01-15T04:31:39.937Z'
}
{
  message: 'test1',
  level: 'debug',
  label: 'right meow!',
  timestamp: '2023-01-15T04:31:40.216Z'
}
{
  level: 'info',
  message: 'What time is the testing at?',
  label: 'right meow!',
  timestamp: '2023-01-15T04:31:43.669Z'
}
{
  message: 'test1',
  level: 'debug',
  label: 'right meow!',
  timestamp: '2023-01-15T04:31:43.945Z'
}
{
  level: 'info',
  message: 'What time is the testing at?',
  label: 'right meow!',
  timestamp: '2023-01-15T04:31:48.064Z'
}
{
  message: 'test1',
  level: 'debug',
  label: 'right meow!',
  timestamp: '2023-01-15T04:31:48.350Z'
}
{
  level: 'info',
  message: 'What time is the testing at?',
  label: 'right meow!',
  timestamp: '2023-01-15T04:31:49.439Z'
}
{
  message: 'test1',
  level: 'debug',
  label: 'right meow!',
  timestamp: '2023-01-15T04:31:49.720Z'
}
{
  level: 'info',
  message: 'What time is the testing at?',
  label: 'right meow!',
  timestamp: '2023-01-15T04:31:52.943Z'
}
{
  message: 'test1',
  level: 'debug',
  label: 'right meow!',
  timestamp: '2023-01-15T04:31:53.259Z'
}
{
  level: 'info',
  message: 'What time is the testing at?',
  label: 'right meow!',
  timestamp: '2023-01-15T04:31:56.952Z'
}
{
  message: 'test1',
  level: 'debug',
  label: 'right meow!',
  timestamp: '2023-01-15T04:31:57.229Z'
}
{
  level: 'info',
  message: 'What time is the testing at?',
  label: 'right meow!',
  timestamp: '2023-01-15T04:31:58.756Z'
}
{
  message: 'test1',
  level: 'debug',
  label: 'right meow!',
  timestamp: '2023-01-15T04:31:59.037Z'
}
{
  level: 'info',
  message: 'What time is the testing at?',
  label: 'right meow!',
  timestamp: '2023-01-15T04:32:00.653Z'
}
{
  message: 'test1',
  level: 'debug',
  label: 'right meow!',
  timestamp: '2023-01-15T04:32:00.934Z'
}
{
  level: 'info',
  message: 'What time is the testing at?',
  label: 'right meow!',
  timestamp: '2023-01-15T04:32:14.046Z'
}
{
  message: 'test1',
  level: 'debug',
  label: 'right meow!',
  timestamp: '2023-01-15T04:32:14.367Z'
}
{
  level: 'info',
  message: 'What time is the testing at?',
  label: 'right meow!',
  timestamp: '2023-01-15T04:32:19.598Z'
}
{
  message: 'test1',
  level: 'debug',
  label: 'right meow!',
  timestamp: '2023-01-15T04:32:19.901Z'
}
{
  level: 'info',
  message: 'What time is the testing at?',
  label: 'right meow!',
  timestamp: '2023-01-15T04:32:20.948Z'
}
{
  message: 'test1',
  level: 'debug',
  label: 'right meow!',
  timestamp: '2023-01-15T04:32:21.225Z'
}
{
  level: 'info',
  message: 'What time is the testing at?',
  label: 'right meow!',
  timestamp: '2023-01-15T04:32:22.323Z'
}
{
  message: 'test1',
  level: 'debug',
  label: 'right meow!',
  timestamp: '2023-01-15T04:32:22.658Z'
}
{
  level: 'info',
  message: 'What time is the testing at?',
  label: 'right meow!',
  timestamp: '2023-01-15T04:33:53.966Z'
}
{
  message: 'test1',
  level: 'debug',
  label: 'right meow!',
  timestamp: '2023-01-15T04:33:54.239Z'
}
{
  level: 'info',
  message: 'What time is the testing at?',
  label: 'right meow!',
  timestamp: '2023-01-15T04:42:30.159Z'
}
{
  message: 'test1',
  level: 'debug',
  label: 'right meow!',
  timestamp: '2023-01-15T04:42:30.489Z'
}
{
  level: 'info',
  message: 'What time is the testing at?',
  label: 'right meow!',
  timestamp: '2023-01-15T04:42:31.393Z'
}
{
  message: 'test1',
  level: 'debug',
  label: 'right meow!',
  timestamp: '2023-01-15T04:42:31.677Z'
}
{
  level: 'info',
  message: 'What time is the testing at?',
  label: 'right meow!',
  timestamp: '2023-01-15T04:42:56.518Z'
}
{
  message: 'test1',
  level: 'debug',
  label: 'right meow!',
  timestamp: '2023-01-15T04:42:56.797Z'
}
{
  level: 'info',
  message: 'What time is the testing at?',
  label: 'right meow!',
  timestamp: '2023-01-15T04:42:59.743Z'
}
{
  message: 'test1',
  level: 'debug',
  label: 'right meow!',
  timestamp: '2023-01-15T04:43:00.075Z'
}
{
  level: 'info',
  message: 'What time is the testing at?',
  label: 'right meow!',
  timestamp: '2023-01-15T04:43:02.357Z'
}
{
  message: 'test1',
  level: 'debug',
  label: 'right meow!',
  timestamp: '2023-01-15T04:43:02.712Z'
}
{
  level: 'info',
  message: 'What time is the testing at?',
  label: 'right meow!',
  timestamp: '2023-01-15T04:43:13.536Z'
}
{
  message: 'test1',
  level: 'debug',
  label: 'right meow!',
  timestamp: '2023-01-15T04:43:13.883Z'
}
{
  level: 'info',
  message: 'What time is the testing at?',
  label: 'right meow!',
  timestamp: '2023-01-15T04:43:30.807Z'
}
{
  message: 'test1',
  level: 'debug',
  label: 'right meow!',
  timestamp: '2023-01-15T04:43:31.093Z'
}
{
  level: 'info',
  message: 'What time is the testing at?',
  label: 'right meow!',
  timestamp: '2023-01-15T04:43:38.198Z'
}
{
  message: 'test1',
  level: 'debug',
  label: 'right meow!',
  timestamp: '2023-01-15T04:43:38.478Z'
}
{
  level: 'info',
  message: 'What time is the testing at?',
  label: 'right meow!',
  timestamp: '2023-01-15T04:43:43.178Z'
}
{
  message: 'test1',
  level: 'debug',
  label: 'right meow!',
  timestamp: '2023-01-15T04:43:43.521Z'
}
{
  level: 'info',
  message: 'What time is the testing at?',
  label: 'right meow!',
  timestamp: '2023-01-15T04:43:50.463Z'
}
{
  message: 'test1',
  level: 'debug',
  label: 'right meow!',
  timestamp: '2023-01-15T04:43:50.763Z'
}
{
  level: 'info',
  message: 'What time is the testing at?',
  label: 'right meow!',
  timestamp: '2023-01-15T04:43:54.222Z'
}
{
  message: 'test1',
  level: 'debug',
  label: 'right meow!',
  timestamp: '2023-01-15T04:43:54.514Z'
}
{
  level: 'info',
  message: 'What time is the testing at?',
  label: 'right meow!',
  timestamp: '2023-01-15T04:43:55.804Z'
}
{
  message: 'test1',
  level: 'debug',
  label: 'right meow!',
  timestamp: '2023-01-15T04:43:56.108Z'
}
{
  level: 'info',
  message: 'What time is the testing at?',
  label: 'right meow!',
  timestamp: '2023-01-15T04:43:57.924Z'
}
{
  message: 'test1',
  level: 'debug',
  label: 'right meow!',
  timestamp: '2023-01-15T04:43:58.218Z'
}
{
  level: 'info',
  message: 'What time is the testing at?',
  label: 'right meow!',
  timestamp: '2023-01-15T04:44:18.695Z'
}
{
  message: 'test1',
  level: 'debug',
  label: 'right meow!',
  timestamp: '2023-01-15T04:44:19.015Z'
}
{
  level: 'info',
  message: 'What time is the testing at?',
  label: 'right meow!',
  timestamp: '2023-01-15T04:45:11.912Z'
}
{
  message: 'test1',
  level: 'debug',
  label: 'right meow!',
  timestamp: '2023-01-15T04:45:12.186Z'
}
{
  level: 'info',
  message: 'What time is the testing at?',
  label: 'right meow!',
  timestamp: '2023-01-15T04:45:14.236Z'
}
{
  message: 'test1',
  level: 'debug',
  label: 'right meow!',
  timestamp: '2023-01-15T04:45:14.546Z'
}
{
  level: 'info',
  message: 'What time is the testing at?',
  label: 'right meow!',
  timestamp: '2023-01-15T04:45:17.679Z'
}
{
  message: 'test1',
  level: 'debug',
  label: 'right meow!',
  timestamp: '2023-01-15T04:45:17.946Z'
}
{
  level: 'info',
  message: 'What time is the testing at?',
  label: 'right meow!',
  timestamp: '2023-01-15T04:45:19.714Z'
}
{
  message: 'test1',
  level: 'debug',
  label: 'right meow!',
  timestamp: '2023-01-15T04:45:19.984Z'
}
{
  level: 'info',
  message: 'What time is the testing at?',
  label: 'right meow!',
  timestamp: '2023-01-15T04:45:24.911Z'
}
{
  message: 'test1',
  level: 'debug',
  label: 'right meow!',
  timestamp: '2023-01-15T04:45:25.239Z'
}
{
  level: 'info',
  message: 'What time is the testing at?',
  label: 'right meow!',
  timestamp: '2023-01-15T04:45:43.762Z'
}
{
  message: 'test1',
  level: 'debug',
  label: 'right meow!',
  timestamp: '2023-01-15T04:45:44.106Z'
}
